<?xml version="1.0" encoding="UTF-8"?>
<!-- Generated by org.testng.reporters.JUnitReportReporter -->
<testsuite name="Streame.Test_UI.Test002_Register" tests="1" time="58.393" ignored="2" failures="0" timestamp="27 feb 2017 23:00:30 GMT" skipped="0" hostname="dmarroquin" errors="0">
  <testcase name="Create_Account_Register_Successfully_W_Image" time="58.393" classname="Streame.Test_UI.Test002_Register"/>
  <testcase name="Create_Account_Look_Feel" classname="Streame.Test_UI.Test002_Register">
    <skipped/>
  </testcase> <!-- Create_Account_Look_Feel -->
  <testcase name="Create_Account_Register_Successfully_WO_Image" classname="Streame.Test_UI.Test002_Register">
    <skipped/>
  </testcase> <!-- Create_Account_Register_Successfully_WO_Image -->
</testsuite> <!-- Streame.Test_UI.Test002_Register -->
