<?xml version="1.0" encoding="UTF-8"?>
<!-- Generated by org.testng.reporters.JUnitReportReporter -->
<testsuite name="com.streame.tests.HomePageTest" tests="3" time="14.618" ignored="0" failures="0" timestamp="24 mar 2017 16:42:31 GMT" skipped="0" hostname="dmarroquin" errors="0">
  <testcase name="verifyLoadHomePage" time="7.066" classname="com.streame.tests.HomePageTest"/>
  <testcase name="verifyNavEN" time="2.277" classname="com.streame.tests.HomePageTest"/>
  <testcase name="verifyNavES" time="5.275" classname="com.streame.tests.HomePageTest"/>
</testsuite> <!-- com.streame.tests.HomePageTest -->
