<?xml version="1.0" encoding="UTF-8"?>
<!-- Generated by org.testng.reporters.JUnitReportReporter -->
<testsuite skipped="0" hostname="dmarroquin" name="com.streame.tests.SignInPageTest" tests="3" failures="0" timestamp="20 abr 2017 16:31:04 GMT" time="18.895" errors="0">
  <testcase name="verifySignInEmpty" time="8.578" classname="com.streame.tests.SignInPageTest"/>
  <testcase name="verifySignInFailed" time="6.635" classname="com.streame.tests.SignInPageTest"/>
  <testcase name="verifySignInSucessfully" time="3.682" classname="com.streame.tests.SignInPageTest"/>
</testsuite> <!-- com.streame.tests.SignInPageTest -->
