<?xml version="1.0" encoding="UTF-8"?>
<!-- Generated by org.testng.reporters.JUnitReportReporter -->
<testsuite name="Streame.Chrome.Test001_Smoke" tests="1" time="278.898" ignored="0" failures="0" timestamp="23 mar 2017 20:31:10 GMT" skipped="0" hostname="dmarroquin" errors="0">
  <testcase name="Smoke" time="278.898" classname="Streame.Chrome.Test001_Smoke"/>
</testsuite> <!-- Streame.Chrome.Test001_Smoke -->
