<?xml version="1.0" encoding="UTF-8"?>
<!-- Generated by org.testng.reporters.JUnitReportReporter -->
<testsuite name="Streame.Firefox.Test001_Smoke" tests="1" time="48.965" ignored="0" failures="0" timestamp="21 mar 2017 14:39:14 GMT" skipped="0" hostname="dmarroquin" errors="0">
  <testcase name="Smoke" time="48.965" classname="Streame.Firefox.Test001_Smoke"/>
</testsuite> <!-- Streame.Firefox.Test001_Smoke -->
