<?xml version="1.0" encoding="UTF-8"?>
<!-- Generated by org.testng.reporters.JUnitReportReporter -->
<testsuite name="Streame.Test_UI.Test001_Smoke" tests="1" time="48.462" ignored="0" failures="0" timestamp="24 feb 2017 15:13:39 GMT" skipped="0" hostname="dmarroquin" errors="0">
  <testcase name="test" time="48.462" classname="Streame.Test_UI.Test001_Smoke"/>
</testsuite> <!-- Streame.Test_UI.Test001_Smoke -->
