<?xml version="1.0" encoding="UTF-8"?>
<!-- Generated by org.testng.reporters.JUnitReportReporter -->
<testsuite name="com.streame.tests.HomePageTest" tests="3" time="12.171" ignored="0" failures="0" timestamp="27 mar 2017 13:31:27 GMT" skipped="0" hostname="dmarroquin" errors="0">
  <testcase name="verifyNavES" time="5.216" classname="com.streame.tests.HomePageTest"/>
  <testcase name="verifyLoadHomePage" time="4.692" classname="com.streame.tests.HomePageTest"/>
  <testcase name="verifyNavEN" time="2.263" classname="com.streame.tests.HomePageTest"/>
</testsuite> <!-- com.streame.tests.HomePageTest -->
