<?xml version="1.0" encoding="UTF-8"?>
<!-- Generated by org.testng.reporters.JUnitReportReporter -->
<testsuite name="Streame.Test_UI.Test002_Create_Account" tests="1" time="123.178" ignored="3" failures="0" timestamp="02 mar 2017 15:42:46 GMT" skipped="0" hostname="dmarroquin" errors="0">
  <testcase name="Create_Account_Validation_Message" time="123.178" classname="Streame.Test_UI.Test002_Create_Account"/>
  <testcase name="Create_Account_Successfully_WO_Image" classname="Streame.Test_UI.Test002_Create_Account">
    <skipped/>
  </testcase> <!-- Create_Account_Successfully_WO_Image -->
  <testcase name="Create_Account_Successfully_W_Image" classname="Streame.Test_UI.Test002_Create_Account">
    <skipped/>
  </testcase> <!-- Create_Account_Successfully_W_Image -->
  <testcase name="Create_Account_Look_Feel" classname="Streame.Test_UI.Test002_Create_Account">
    <skipped/>
  </testcase> <!-- Create_Account_Look_Feel -->
</testsuite> <!-- Streame.Test_UI.Test002_Create_Account -->
