<?xml version="1.0" encoding="UTF-8"?>
<!-- Generated by org.testng.reporters.JUnitReportReporter -->
<testsuite name="Streame.Test_UI.Test001_Smoke" tests="1" time="26.375" ignored="0" failures="0" timestamp="22 feb 2017 20:51:06 GMT" skipped="0" hostname="dmarroquin" errors="0">
  <testcase name="test" time="26.375" classname="Streame.Test_UI.Test001_Smoke"/>
</testsuite> <!-- Streame.Test_UI.Test001_Smoke -->
