<?xml version="1.0" encoding="UTF-8"?>
<!-- Generated by org.testng.reporters.JUnitReportReporter -->
<testsuite name="Streame.Firefox.Test003_Login" tests="1" time="43.226" ignored="2" failures="0" timestamp="07 mar 2017 18:05:44 GMT" skipped="0" hostname="dmarroquin" errors="0">
  <testcase name="Login_Failed" time="43.226" classname="Streame.Firefox.Test003_Login"/>
  <testcase name="Login_Look_Feel" classname="Streame.Firefox.Test003_Login">
    <skipped/>
  </testcase> <!-- Login_Look_Feel -->
  <testcase name="Login_Successfully" classname="Streame.Firefox.Test003_Login">
    <skipped/>
  </testcase> <!-- Login_Successfully -->
</testsuite> <!-- Streame.Firefox.Test003_Login -->
